<?xml version="1.0" encoding="UTF-8"?>
<!-- Generated by org.testng.reporters.JUnitXMLReporter -->
<testsuite hostname="BestBook.local" ignored="0" name="Acceptance" tests="11" failures="0" timestamp="08 May 2018 01:05:29 GMT" time="148.236" errors="0">
  <testcase name="changedNamePassedToOverviewScreen" time="5.724" classname="Tests.Acceptance"/>
  <testcase name="changedNamePassedToOverviewScreen" time="5.732" classname="Tests.Acceptance"/>
  <testcase name="changedNamePassedToOverviewScreen" time="5.772" classname="Tests.Acceptance"/>
  <testcase name="clickChangeVerifyCustomizeScreenOpens" time="2.983" classname="Tests.Acceptance"/>
  <testcase name="clickDoneVerifyOverviewScreenOpens" time="1.902" classname="Tests.Acceptance"/>
  <testcase name="clickInfoVerifyInfoScreenOpens" time="3.037" classname="Tests.Acceptance"/>
  <testcase name="defaultNameIsDisplayed" time="1.896" classname="Tests.Acceptance"/>
  <testcase name="nameIsDisplayedInBio" time="5.381" classname="Tests.Acceptance"/>
  <testcase name="nameIsDisplayedInBio" time="5.472" classname="Tests.Acceptance"/>
  <testcase name="nameIsDisplayedInBio" time="5.398" classname="Tests.Acceptance"/>
  <testcase name="shareMenuDisplayed" time="3.45" classname="Tests.Acceptance"/>
</testsuite> <!-- Acceptance -->
